Daemon process terminated and closed the connection

Messages from the log:
[NX v22.0.2 Daemon Server] - 2025-10-29T21:02:44.422Z - [REQUEST]: Responding to the client. handleRecordTaskRuns
[NX v22.0.2 Daemon Server] - 2025-10-29T21:02:44.423Z - Done responding to the client handleRecordTaskRuns
[NX v22.0.2 Daemon Server] - 2025-10-29T21:02:44.423Z - Handled json message RECORD_TASK_RUNS. Handling time: 1. Response time: 1.
[NX v22.0.2 Daemon Server] - 2025-10-29T21:02:44.425Z - [REQUEST]: Responding to the client. handleGetFlakyTasks
[NX v22.0.2 Daemon Server] - 2025-10-29T21:02:44.425Z - Done responding to the client handleGetFlakyTasks
[NX v22.0.2 Daemon Server] - 2025-10-29T21:02:44.425Z - Handled json message GET_FLAKY_TASKS. Handling time: 1. Response time: 0.
[NX v22.0.2 Daemon Server] - 2025-10-29T21:02:45.537Z - Time taken for 'Load Nx Plugin: /Users/morganlowman/politicial-sphere (V1)/node_modules/nx/src/plugins/project-json/build-nodes/project-json' 1818.444235ms
[NX v22.0.2 Daemon Server] - 2025-10-29T21:02:45.832Z - Time taken for 'Load Nx Plugin: /Users/morganlowman/politicial-sphere (V1)/node_modules/nx/src/plugins/package-json' 2111.9663010000004ms
[NX v22.0.2 Daemon Server] - 2025-10-29T21:02:45.995Z - [REQUEST]: Updated workspace context based on watched changes, recomputing project graph...
[NX v22.0.2 Daemon Server] - 2025-10-29T21:02:45.996Z - [REQUEST]: 
[NX v22.0.2 Daemon Server] - 2025-10-29T21:02:45.996Z - [REQUEST]: 
[NX v22.0.2 Daemon Server] - 2025-10-29T21:02:46.147Z - Time taken for 'loadDefaultNxPlugins' 2277.3526ms
Time for 'nx/core/project-json:createNodes' [33m7.861693000000287[39m
Time for 'nx/core/package-json:createNodes' [33m94.63441900000043[39m
Time for 'nx/js/dependencies-and-lockfile:createNodes' [33m142.18261099999972[39m
Unable to find local plugin [] Map(0) {}
Unable to find local plugin [] Map(0) {}
[NX v22.0.2 Daemon Server] - 2025-10-29T21:02:46.695Z - Time taken for 'build-project-configs' 293.6061520000003ms
[NX v22.0.2 Daemon Server] - 2025-10-29T21:02:46.695Z - Established a connection. Number of open connections: 4



More information: /Users/morganlowman/politicial-sphere (V1)/.nx/workspace-data/d/daemon.log